<?xml version="1.0" encoding="UTF-8"?>
<!-- Generated by org.testng.reporters.JUnitXMLReporter -->
<testsuite ignored="0" hostname="Isha58" failures="0" tests="4" name="Test" time="225.291" errors="0" timestamp="2022-04-07T10:06:22 IST">
  <testcase classname="testCase_NewBikesFunctionality.upcomingBikesUnder4LakhTest" name="upcomingBikesTest" time="87.837"/>
  <testcase classname="testCase_UsedCarsFunctionality.usedCarsPopularModelsTest" name="usedCarsPopularModelTest" time="45.479"/>
  <testcase classname="testCase_loginSignupFunctionality.LoginWithGoogleInvalidEmailTest" name="GoogleInvalidEmailLoginTest" time="30.061"/>
  <testcase classname="testCase_loginSignupFunctionality.LoginWithGoogleInvalidPasswordTest" name="GoogleInvalidPasswordTest" time="32.3"/>
</testsuite> <!-- Test -->
