<?xml version="1.0" encoding="UTF-8"?>
<!-- Generated by org.testng.reporters.JUnitXMLReporter -->
<testsuite ignored="0" hostname="Predator" failures="0" tests="21" name="Test" time="251.939" errors="0" timestamp="2022-04-02T15:55:36 IST">
  <testcase classname="testCase_ManufacturerFunctionality.viewHondaBikesTest" name="manufacturerVisbleTest" time="9.668"/>
  <testcase classname="testCase_loginSignupFunctionality.LoginWithGoogleInvalidPasswordTest" name="GoogleInvalidPasswordTest" time="7.968"/>
  <testcase classname="testCase_UpcomingBikesDetails.alertMeLaunchTest" name="alertMeTest" time="15.433"/>
  <testcase classname="testCase_loginSignupFunctionality.LoginWithFacebookInvalidEmailTest" name="FacebookInvalidEmailLoginTest" time="6.222"/>
  <testcase classname="testCase_UsedCarsFunctionality.usedCarsTabVisibleTest" name="usedCarsVisibleTest" time="7.648"/>
  <testcase classname="testCase_ManufacturerFunctionality.manufacturerDropdownVisibleTest" name="manufacturerVisbleTest" time="8.86"/>
  <testcase classname="testCase_NewBikesFunctionality.upcomingBikesUnder4LakhTest" name="upcomingBikesTest" time="14.136"/>
  <testcase classname="testCase_UsedCarsFunctionality.viewSellerDetailsTest" name="usedCarsTest" time="9.7"/>
  <testcase classname="testCase_loginSignupFunctionality.loginSignupDisplayedTest" name="logSignVisibilityTest" time="7.423"/>
  <testcase classname="testCase_loginSignupFunctionality.loginSignupClickTest" name="loginTest" time="7.936"/>
  <testcase classname="testCase_UsedCarsFunctionality.usedCarsChennaiVisibilityTest" name="usedCarsChennaiVisibleTest" time="7.542"/>
  <testcase classname="testCase_UpcomingBikesDetails.nameUpcomingBikesTest" name="nameHondaBikesVisbleTest" time="12.594"/>
  <testcase classname="testCase_UsedCarsFunctionality.usedCarsPopularModelsTest" name="usedCarsTest" time="9.727"/>
  <testcase classname="testCase_loginSignupFunctionality.LoginWithFacebookInvalidPasswordTest" name="FacebookInvalidPasswordLoginTest" time="12.977"/>
  <testcase classname="testCase_ManufacturerFunctionality.hondaVisibilityTest" name="hondaVisibleTest" time="8.915"/>
  <testcase classname="testCase_loginSignupFunctionality.LoginWithGoogleInvalidEmailTest" name="GoogleInvalidEmailLoginTest" time="6.328"/>
  <testcase classname="testCase_UpcomingBikesDetails.priceUpcomingBikesTest" name="priceHondaBikesVisbleTest" time="12.445"/>
  <testcase classname="testCase_NewBikesFunctionality.newBikesTabVisibleTest" name="newBikesVisibleTest" time="8.106"/>
  <testcase classname="testCase_UpcomingBikesDetails.launchDateUpcomingBikesTest" name="launchDateHondaBikesVisbleTest" time="12.573"/>
  <testcase classname="testCase_NewBikesFunctionality.upcomingBikesVisibilityTest" name="upcommingBikesVisibleTest" time="7.911"/>
  <testcase classname="testCase_loginSignupFunctionality.loginSignupGoogleClickTest" name="loginTest" time="11.356"/>
</testsuite> <!-- Test -->
