<?xml version="1.0" encoding="UTF-8"?>
<!-- Generated by org.testng.reporters.JUnitXMLReporter -->
<testsuite hostname="Isha58" ignored="0" name="Test" tests="22" failures="0" timestamp="2022-04-04T22:44:20 IST" time="671.981" errors="0">
  <testcase name="bikeHondaVisbleTest" time="63.516" classname="testCase_ManufacturerFunctionality.viewHondaBikesTest"/>
  <testcase name="GoogleInvalidPasswordTest" time="51.652" classname="testCase_loginSignupFunctionality.LoginWithGoogleInvalidPasswordTest"/>
  <testcase name="alertMeTest" time="28.786" classname="testCase_UpcomingBikesDetails.alertMeLaunchTest"/>
  <testcase name="FacebookInvalidEmailLoginTest" time="26.532" classname="testCase_loginSignupFunctionality.LoginWithFacebookInvalidEmailTest"/>
  <testcase name="usedCarsVisibleTest" time="14.413" classname="testCase_UsedCarsFunctionality.usedCarsTabVisibleTest"/>
  <testcase name="manufacturerVisbleTest" time="15.384" classname="testCase_ManufacturerFunctionality.manufacturerDropdownVisibleTest"/>
  <testcase name="usedCarsViewSellerTest" time="18.307" classname="testCase_UsedCarsFunctionality.viewSellerDetailsTest"/>
  <testcase name="upcomingBikesTest" time="36.406" classname="testCase_NewBikesFunctionality.upcomingBikesUnder4LakhTest"/>
  <testcase name="loginSignUpClickTest" time="12.944" classname="testCase_loginSignupFunctionality.loginSignupClickTest"/>
  <testcase name="logSignVisibilityTest" time="10.59" classname="testCase_loginSignupFunctionality.loginSignupDisplayedTest"/>
  <testcase name="usedCarsChennaiVisibleTest" time="11.873" classname="testCase_UsedCarsFunctionality.usedCarsChennaiVisibilityTest"/>
  <testcase name="nameHondaBikesVisbleTest" time="22.687" classname="testCase_UpcomingBikesDetails.nameUpcomingBikesTest"/>
  <testcase name="usedCarsPopularModelTest" time="26.449" classname="testCase_UsedCarsFunctionality.usedCarsPopularModelsTest"/>
  <testcase name="FacebookInvalidPasswordLoginTest" time="28.076" classname="testCase_loginSignupFunctionality.LoginWithFacebookInvalidPasswordTest"/>
  <testcase name="GoogleInvalidEmailLoginTest" time="21.669" classname="testCase_loginSignupFunctionality.LoginWithGoogleInvalidEmailTest"/>
  <testcase name="hondaVisibleTest" time="15.55" classname="testCase_ManufacturerFunctionality.hondaVisibilityTest"/>
  <testcase name="priceHondaBikesVisbleTest" time="27.127" classname="testCase_UpcomingBikesDetails.priceUpcomingBikesTest"/>
  <testcase name="newBikesVisibleTest" time="11.785" classname="testCase_NewBikesFunctionality.newBikesTabVisibleTest"/>
  <testcase name="launchDateHondaBikesVisbleTest" time="28.977" classname="testCase_UpcomingBikesDetails.launchDateUpcomingBikesTest"/>
  <testcase name="upcommingBikesVisibleTest" time="12.172" classname="testCase_NewBikesFunctionality.upcomingBikesVisibilityTest"/>
  <testcase name="test" time="0.0" classname="testingbuild.test1"/>
  <testcase name="loginGoogleClickTest" time="18.684" classname="testCase_loginSignupFunctionality.loginSignupGoogleClickTest"/>
</testsuite> <!-- Test -->
