<?xml version="1.0" encoding="UTF-8"?>
<testng-results ignored="0" total="4" passed="4" failed="0" skipped="0">
  <reporter-output>
  </reporter-output>
  <suite started-at="2022-04-04T10:46:41 IST" name="Default suite" finished-at="2022-04-04T10:49:51 IST" duration-ms="190438">
    <groups>
    </groups>
    <test started-at="2022-04-04T10:46:41 IST" name="Default test" finished-at="2022-04-04T10:49:51 IST" duration-ms="190438">
      <class name="testCase_UpcomingBikesDetails.alertMeLaunchTest">
        <test-method is-config="true" signature="invokeBrowser()[pri:0, instance:testCase_UpcomingBikesDetails.alertMeLaunchTest@41c2284a]" started-at="2022-04-04T10:46:41 IST" name="invokeBrowser" finished-at="2022-04-04T10:46:52 IST" duration-ms="11359" status="PASS">
          <reporter-output>
          </reporter-output>
        </test-method> <!-- invokeBrowser -->
        <test-method signature="alertMeTest()[pri:0, instance:testCase_UpcomingBikesDetails.alertMeLaunchTest@41c2284a]" started-at="2022-04-04T10:46:52 IST" name="alertMeTest" finished-at="2022-04-04T10:47:36 IST" duration-ms="43495" status="PASS">
          <reporter-output>
          </reporter-output>
        </test-method> <!-- alertMeTest -->
        <test-method is-config="true" signature="flushReports()[pri:0, instance:testCase_UpcomingBikesDetails.alertMeLaunchTest@41c2284a]" started-at="2022-04-04T10:47:36 IST" name="flushReports" finished-at="2022-04-04T10:47:38 IST" duration-ms="2539" status="PASS">
          <reporter-output>
          </reporter-output>
        </test-method> <!-- flushReports -->
      </class> <!-- testCase_UpcomingBikesDetails.alertMeLaunchTest -->
      <class name="testCase_UpcomingBikesDetails.priceUpcomingBikesTest">
        <test-method is-config="true" signature="invokeBrowser()[pri:0, instance:testCase_UpcomingBikesDetails.priceUpcomingBikesTest@73ee04c8]" started-at="2022-04-04T10:47:38 IST" name="invokeBrowser" finished-at="2022-04-04T10:47:43 IST" duration-ms="4189" status="PASS">
          <reporter-output>
          </reporter-output>
        </test-method> <!-- invokeBrowser -->
        <test-method signature="priceHondaBikesVisbleTest()[pri:0, instance:testCase_UpcomingBikesDetails.priceUpcomingBikesTest@73ee04c8]" started-at="2022-04-04T10:47:43 IST" name="priceHondaBikesVisbleTest" finished-at="2022-04-04T10:48:22 IST" duration-ms="39467" status="PASS">
          <reporter-output>
          </reporter-output>
        </test-method> <!-- priceHondaBikesVisbleTest -->
        <test-method is-config="true" signature="flushReports()[pri:0, instance:testCase_UpcomingBikesDetails.priceUpcomingBikesTest@73ee04c8]" started-at="2022-04-04T10:48:22 IST" name="flushReports" finished-at="2022-04-04T10:48:23 IST" duration-ms="1419" status="PASS">
          <reporter-output>
          </reporter-output>
        </test-method> <!-- flushReports -->
      </class> <!-- testCase_UpcomingBikesDetails.priceUpcomingBikesTest -->
      <class name="testCase_UpcomingBikesDetails.launchDateUpcomingBikesTest">
        <test-method is-config="true" signature="invokeBrowser()[pri:0, instance:testCase_UpcomingBikesDetails.launchDateUpcomingBikesTest@7671cb68]" started-at="2022-04-04T10:48:23 IST" name="invokeBrowser" finished-at="2022-04-04T10:48:27 IST" duration-ms="3367" status="PASS">
          <reporter-output>
          </reporter-output>
        </test-method> <!-- invokeBrowser -->
        <test-method signature="launchDateHondaBikesVisbleTest()[pri:0, instance:testCase_UpcomingBikesDetails.launchDateUpcomingBikesTest@7671cb68]" started-at="2022-04-04T10:48:27 IST" name="launchDateHondaBikesVisbleTest" finished-at="2022-04-04T10:49:00 IST" duration-ms="33403" status="PASS">
          <reporter-output>
          </reporter-output>
        </test-method> <!-- launchDateHondaBikesVisbleTest -->
        <test-method is-config="true" signature="flushReports()[pri:0, instance:testCase_UpcomingBikesDetails.launchDateUpcomingBikesTest@7671cb68]" started-at="2022-04-04T10:49:00 IST" name="flushReports" finished-at="2022-04-04T10:49:02 IST" duration-ms="1600" status="PASS">
          <reporter-output>
          </reporter-output>
        </test-method> <!-- flushReports -->
      </class> <!-- testCase_UpcomingBikesDetails.launchDateUpcomingBikesTest -->
      <class name="testCase_UpcomingBikesDetails.nameUpcomingBikesTest">
        <test-method is-config="true" signature="invokeBrowser()[pri:0, instance:testCase_UpcomingBikesDetails.nameUpcomingBikesTest@49dc7102]" started-at="2022-04-04T10:49:02 IST" name="invokeBrowser" finished-at="2022-04-04T10:49:06 IST" duration-ms="4340" status="PASS">
          <reporter-output>
          </reporter-output>
        </test-method> <!-- invokeBrowser -->
        <test-method signature="nameHondaBikesVisbleTest()[pri:0, instance:testCase_UpcomingBikesDetails.nameUpcomingBikesTest@49dc7102]" started-at="2022-04-04T10:49:06 IST" name="nameHondaBikesVisbleTest" finished-at="2022-04-04T10:49:50 IST" duration-ms="43780" status="PASS">
          <reporter-output>
          </reporter-output>
        </test-method> <!-- nameHondaBikesVisbleTest -->
        <test-method is-config="true" signature="flushReports()[pri:0, instance:testCase_UpcomingBikesDetails.nameUpcomingBikesTest@49dc7102]" started-at="2022-04-04T10:49:50 IST" name="flushReports" finished-at="2022-04-04T10:49:51 IST" duration-ms="1301" status="PASS">
          <reporter-output>
          </reporter-output>
        </test-method> <!-- flushReports -->
      </class> <!-- testCase_UpcomingBikesDetails.nameUpcomingBikesTest -->
    </test> <!-- Default test -->
  </suite> <!-- Default suite -->
</testng-results>
