<?xml version="1.0" encoding="UTF-8"?>
<testng-results skipped="0" failed="0" ignored="0" total="22" passed="22">
  <reporter-output>
  </reporter-output>
  <suite name="Suite" duration-ms="671981" started-at="2022-04-04T22:33:07 IST" finished-at="2022-04-04T22:44:19 IST">
    <groups>
    </groups>
    <test name="Test" duration-ms="671981" started-at="2022-04-04T22:33:07 IST" finished-at="2022-04-04T22:44:19 IST">
      <class name="testCase_loginSignupFunctionality.loginSignupGoogleClickTest">
        <test-method status="PASS" signature="invokeBrowser()[pri:0, instance:testCase_loginSignupFunctionality.loginSignupGoogleClickTest@33b37288]" name="invokeBrowser" is-config="true" duration-ms="4069" started-at="2022-04-04T22:43:55 IST" finished-at="2022-04-04T22:43:59 IST">
          <reporter-output>
          </reporter-output>
        </test-method> <!-- invokeBrowser -->
        <test-method status="PASS" signature="loginGoogleClickTest()[pri:0, instance:testCase_loginSignupFunctionality.loginSignupGoogleClickTest@33b37288]" name="loginGoogleClickTest" duration-ms="18684" started-at="2022-04-04T22:43:59 IST" finished-at="2022-04-04T22:44:18 IST">
          <reporter-output>
          </reporter-output>
        </test-method> <!-- loginGoogleClickTest -->
        <test-method status="PASS" signature="flushReports()[pri:0, instance:testCase_loginSignupFunctionality.loginSignupGoogleClickTest@33b37288]" name="flushReports" is-config="true" duration-ms="1667" started-at="2022-04-04T22:44:18 IST" finished-at="2022-04-04T22:44:19 IST">
          <reporter-output>
          </reporter-output>
        </test-method> <!-- flushReports -->
      </class> <!-- testCase_loginSignupFunctionality.loginSignupGoogleClickTest -->
      <class name="testCase_NewBikesFunctionality.upcomingBikesUnder4LakhTest">
        <test-method status="PASS" signature="invokeBrowser()[pri:0, instance:testCase_NewBikesFunctionality.upcomingBikesUnder4LakhTest@2a40cd94]" name="invokeBrowser" is-config="true" duration-ms="3916" started-at="2022-04-04T22:38:09 IST" finished-at="2022-04-04T22:38:13 IST">
          <reporter-output>
          </reporter-output>
        </test-method> <!-- invokeBrowser -->
        <test-method status="PASS" signature="upcomingBikesTest()[pri:0, instance:testCase_NewBikesFunctionality.upcomingBikesUnder4LakhTest@2a40cd94]" name="upcomingBikesTest" duration-ms="36406" started-at="2022-04-04T22:38:13 IST" finished-at="2022-04-04T22:38:49 IST">
          <reporter-output>
          </reporter-output>
        </test-method> <!-- upcomingBikesTest -->
        <test-method status="PASS" signature="flushReports()[pri:0, instance:testCase_NewBikesFunctionality.upcomingBikesUnder4LakhTest@2a40cd94]" name="flushReports" is-config="true" duration-ms="2043" started-at="2022-04-04T22:38:49 IST" finished-at="2022-04-04T22:38:51 IST">
          <reporter-output>
          </reporter-output>
        </test-method> <!-- flushReports -->
      </class> <!-- testCase_NewBikesFunctionality.upcomingBikesUnder4LakhTest -->
      <class name="testCase_UsedCarsFunctionality.viewSellerDetailsTest">
        <test-method status="PASS" signature="invokeBrowser()[pri:0, instance:testCase_UsedCarsFunctionality.viewSellerDetailsTest@2df32bf7]" name="invokeBrowser" is-config="true" duration-ms="3974" started-at="2022-04-04T22:37:45 IST" finished-at="2022-04-04T22:37:49 IST">
          <reporter-output>
          </reporter-output>
        </test-method> <!-- invokeBrowser -->
        <test-method status="PASS" signature="usedCarsViewSellerTest()[pri:0, instance:testCase_UsedCarsFunctionality.viewSellerDetailsTest@2df32bf7]" name="usedCarsViewSellerTest" duration-ms="18307" started-at="2022-04-04T22:37:49 IST" finished-at="2022-04-04T22:38:07 IST">
          <reporter-output>
          </reporter-output>
        </test-method> <!-- usedCarsViewSellerTest -->
        <test-method status="PASS" signature="flushReports()[pri:0, instance:testCase_UsedCarsFunctionality.viewSellerDetailsTest@2df32bf7]" name="flushReports" is-config="true" duration-ms="1622" started-at="2022-04-04T22:38:07 IST" finished-at="2022-04-04T22:38:09 IST">
          <reporter-output>
          </reporter-output>
        </test-method> <!-- flushReports -->
      </class> <!-- testCase_UsedCarsFunctionality.viewSellerDetailsTest -->
      <class name="testCase_UsedCarsFunctionality.usedCarsTabVisibleTest">
        <test-method status="PASS" signature="invokeBrowser()[pri:0, instance:testCase_UsedCarsFunctionality.usedCarsTabVisibleTest@2bea5ab4]" name="invokeBrowser" is-config="true" duration-ms="3660" started-at="2022-04-04T22:37:05 IST" finished-at="2022-04-04T22:37:08 IST">
          <reporter-output>
          </reporter-output>
        </test-method> <!-- invokeBrowser -->
        <test-method status="PASS" signature="usedCarsVisibleTest()[pri:0, instance:testCase_UsedCarsFunctionality.usedCarsTabVisibleTest@2bea5ab4]" name="usedCarsVisibleTest" duration-ms="14413" started-at="2022-04-04T22:37:08 IST" finished-at="2022-04-04T22:37:23 IST">
          <reporter-output>
          </reporter-output>
        </test-method> <!-- usedCarsVisibleTest -->
        <test-method status="PASS" signature="flushReports()[pri:0, instance:testCase_UsedCarsFunctionality.usedCarsTabVisibleTest@2bea5ab4]" name="flushReports" is-config="true" duration-ms="1266" started-at="2022-04-04T22:37:23 IST" finished-at="2022-04-04T22:37:24 IST">
          <reporter-output>
          </reporter-output>
        </test-method> <!-- flushReports -->
      </class> <!-- testCase_UsedCarsFunctionality.usedCarsTabVisibleTest -->
      <class name="testCase_UpcomingBikesDetails.priceUpcomingBikesTest">
        <test-method status="PASS" signature="invokeBrowser()[pri:0, instance:testCase_UpcomingBikesDetails.priceUpcomingBikesTest@101df177]" name="invokeBrowser" is-config="true" duration-ms="3217" started-at="2022-04-04T22:42:12 IST" finished-at="2022-04-04T22:42:15 IST">
          <reporter-output>
          </reporter-output>
        </test-method> <!-- invokeBrowser -->
        <test-method status="PASS" signature="priceHondaBikesVisbleTest()[pri:0, instance:testCase_UpcomingBikesDetails.priceUpcomingBikesTest@101df177]" name="priceHondaBikesVisbleTest" duration-ms="27127" started-at="2022-04-04T22:42:15 IST" finished-at="2022-04-04T22:42:42 IST">
          <reporter-output>
          </reporter-output>
        </test-method> <!-- priceHondaBikesVisbleTest -->
        <test-method status="PASS" signature="flushReports()[pri:0, instance:testCase_UpcomingBikesDetails.priceUpcomingBikesTest@101df177]" name="flushReports" is-config="true" duration-ms="2284" started-at="2022-04-04T22:42:42 IST" finished-at="2022-04-04T22:42:45 IST">
          <reporter-output>
          </reporter-output>
        </test-method> <!-- flushReports -->
      </class> <!-- testCase_UpcomingBikesDetails.priceUpcomingBikesTest -->
      <class name="testCase_NewBikesFunctionality.newBikesTabVisibleTest">
        <test-method status="PASS" signature="invokeBrowser()[pri:0, instance:testCase_NewBikesFunctionality.newBikesTabVisibleTest@166fa74d]" name="invokeBrowser" is-config="true" duration-ms="4793" started-at="2022-04-04T22:42:45 IST" finished-at="2022-04-04T22:42:49 IST">
          <reporter-output>
          </reporter-output>
        </test-method> <!-- invokeBrowser -->
        <test-method status="PASS" signature="newBikesVisibleTest()[pri:0, instance:testCase_NewBikesFunctionality.newBikesTabVisibleTest@166fa74d]" name="newBikesVisibleTest" duration-ms="11785" started-at="2022-04-04T22:42:49 IST" finished-at="2022-04-04T22:43:01 IST">
          <reporter-output>
          </reporter-output>
        </test-method> <!-- newBikesVisibleTest -->
        <test-method status="PASS" signature="flushReports()[pri:0, instance:testCase_NewBikesFunctionality.newBikesTabVisibleTest@166fa74d]" name="flushReports" is-config="true" duration-ms="1695" started-at="2022-04-04T22:43:01 IST" finished-at="2022-04-04T22:43:03 IST">
          <reporter-output>
          </reporter-output>
        </test-method> <!-- flushReports -->
      </class> <!-- testCase_NewBikesFunctionality.newBikesTabVisibleTest -->
      <class name="testCase_ManufacturerFunctionality.hondaVisibilityTest">
        <test-method status="PASS" signature="invokeBrowser()[pri:0, instance:testCase_ManufacturerFunctionality.hondaVisibilityTest@2f490758]" name="invokeBrowser" is-config="true" duration-ms="4267" started-at="2022-04-04T22:41:50 IST" finished-at="2022-04-04T22:41:55 IST">
          <reporter-output>
          </reporter-output>
        </test-method> <!-- invokeBrowser -->
        <test-method status="PASS" signature="hondaVisibleTest()[pri:0, instance:testCase_ManufacturerFunctionality.hondaVisibilityTest@2f490758]" name="hondaVisibleTest" duration-ms="15550" started-at="2022-04-04T22:41:55 IST" finished-at="2022-04-04T22:42:10 IST">
          <reporter-output>
          </reporter-output>
        </test-method> <!-- hondaVisibleTest -->
        <test-method status="PASS" signature="flushReports()[pri:0, instance:testCase_ManufacturerFunctionality.hondaVisibilityTest@2f490758]" name="flushReports" is-config="true" duration-ms="1876" started-at="2022-04-04T22:42:10 IST" finished-at="2022-04-04T22:42:12 IST">
          <reporter-output>
          </reporter-output>
        </test-method> <!-- flushReports -->
      </class> <!-- testCase_ManufacturerFunctionality.hondaVisibilityTest -->
      <class name="testCase_NewBikesFunctionality.upcomingBikesVisibilityTest">
        <test-method status="PASS" signature="invokeBrowser()[pri:0, instance:testCase_NewBikesFunctionality.upcomingBikesVisibilityTest@276438c9]" name="invokeBrowser" is-config="true" duration-ms="3621" started-at="2022-04-04T22:43:38 IST" finished-at="2022-04-04T22:43:41 IST">
          <reporter-output>
          </reporter-output>
        </test-method> <!-- invokeBrowser -->
        <test-method status="PASS" signature="upcommingBikesVisibleTest()[pri:0, instance:testCase_NewBikesFunctionality.upcomingBikesVisibilityTest@276438c9]" name="upcommingBikesVisibleTest" duration-ms="12172" started-at="2022-04-04T22:43:41 IST" finished-at="2022-04-04T22:43:54 IST">
          <reporter-output>
          </reporter-output>
        </test-method> <!-- upcommingBikesVisibleTest -->
        <test-method status="PASS" signature="flushReports()[pri:0, instance:testCase_NewBikesFunctionality.upcomingBikesVisibilityTest@276438c9]" name="flushReports" is-config="true" duration-ms="1396" started-at="2022-04-04T22:43:54 IST" finished-at="2022-04-04T22:43:55 IST">
          <reporter-output>
          </reporter-output>
        </test-method> <!-- flushReports -->
      </class> <!-- testCase_NewBikesFunctionality.upcomingBikesVisibilityTest -->
      <class name="testCase_loginSignupFunctionality.LoginWithFacebookInvalidPasswordTest">
        <test-method status="PASS" signature="invokeBrowser()[pri:0, instance:testCase_loginSignupFunctionality.LoginWithFacebookInvalidPasswordTest@130f889]" name="invokeBrowser" is-config="true" duration-ms="10856" started-at="2022-04-04T22:40:42 IST" finished-at="2022-04-04T22:40:53 IST">
          <reporter-output>
          </reporter-output>
        </test-method> <!-- invokeBrowser -->
        <test-method status="PASS" signature="FacebookInvalidPasswordLoginTest(java.util.Hashtable)[pri:0, instance:testCase_loginSignupFunctionality.LoginWithFacebookInvalidPasswordTest@130f889]" name="FacebookInvalidPasswordLoginTest" duration-ms="28076" started-at="2022-04-04T22:40:53 IST" data-provider="getFacebookInvalidPasswordLoginTestData" finished-at="2022-04-04T22:41:21 IST">
          <params>
            <param index="0">
              <value>
                <![CDATA[{Password=test123, Comment=Invalid Password, Email=dipender}]]>
              </value>
            </param>
          </params>
          <reporter-output>
          </reporter-output>
        </test-method> <!-- FacebookInvalidPasswordLoginTest -->
        <test-method status="PASS" signature="flushReports()[pri:0, instance:testCase_loginSignupFunctionality.LoginWithFacebookInvalidPasswordTest@130f889]" name="flushReports" is-config="true" duration-ms="1896" started-at="2022-04-04T22:41:21 IST" finished-at="2022-04-04T22:41:23 IST">
          <reporter-output>
          </reporter-output>
        </test-method> <!-- flushReports -->
      </class> <!-- testCase_loginSignupFunctionality.LoginWithFacebookInvalidPasswordTest -->
      <class name="testCase_UpcomingBikesDetails.launchDateUpcomingBikesTest">
        <test-method status="PASS" signature="invokeBrowser()[pri:0, instance:testCase_UpcomingBikesDetails.launchDateUpcomingBikesTest@40f08448]" name="invokeBrowser" is-config="true" duration-ms="4071" started-at="2022-04-04T22:43:03 IST" finished-at="2022-04-04T22:43:07 IST">
          <reporter-output>
          </reporter-output>
        </test-method> <!-- invokeBrowser -->
        <test-method status="PASS" signature="launchDateHondaBikesVisbleTest()[pri:0, instance:testCase_UpcomingBikesDetails.launchDateUpcomingBikesTest@40f08448]" name="launchDateHondaBikesVisbleTest" duration-ms="28977" started-at="2022-04-04T22:43:07 IST" finished-at="2022-04-04T22:43:36 IST">
          <reporter-output>
          </reporter-output>
        </test-method> <!-- launchDateHondaBikesVisbleTest -->
        <test-method status="PASS" signature="flushReports()[pri:0, instance:testCase_UpcomingBikesDetails.launchDateUpcomingBikesTest@40f08448]" name="flushReports" is-config="true" duration-ms="1797" started-at="2022-04-04T22:43:36 IST" finished-at="2022-04-04T22:43:38 IST">
          <reporter-output>
          </reporter-output>
        </test-method> <!-- flushReports -->
      </class> <!-- testCase_UpcomingBikesDetails.launchDateUpcomingBikesTest -->
      <class name="testCase_loginSignupFunctionality.LoginWithFacebookInvalidEmailTest">
        <test-method status="PASS" signature="invokeBrowser()[pri:0, instance:testCase_loginSignupFunctionality.LoginWithFacebookInvalidEmailTest@76b10754]" name="invokeBrowser" is-config="true" duration-ms="5944" started-at="2022-04-04T22:36:30 IST" finished-at="2022-04-04T22:36:36 IST">
          <reporter-output>
          </reporter-output>
        </test-method> <!-- invokeBrowser -->
        <test-method status="PASS" signature="FacebookInvalidEmailLoginTest(java.util.Hashtable)[pri:0, instance:testCase_loginSignupFunctionality.LoginWithFacebookInvalidEmailTest@76b10754]" name="FacebookInvalidEmailLoginTest" duration-ms="26532" started-at="2022-04-04T22:36:36 IST" data-provider="getFacebookInvalidEmailLoginTestData" finished-at="2022-04-04T22:37:03 IST">
          <params>
            <param index="0">
              <value>
                <![CDATA[{Password=test123, Comment=Invalid Email, Email=abcd@gmail.com}]]>
              </value>
            </param>
          </params>
          <reporter-output>
          </reporter-output>
        </test-method> <!-- FacebookInvalidEmailLoginTest -->
        <test-method status="PASS" signature="flushReports()[pri:0, instance:testCase_loginSignupFunctionality.LoginWithFacebookInvalidEmailTest@76b10754]" name="flushReports" is-config="true" duration-ms="1977" started-at="2022-04-04T22:37:03 IST" finished-at="2022-04-04T22:37:05 IST">
          <reporter-output>
          </reporter-output>
        </test-method> <!-- flushReports -->
      </class> <!-- testCase_loginSignupFunctionality.LoginWithFacebookInvalidEmailTest -->
      <class name="testingbuild.test1">
        <test-method status="PASS" signature="test()[pri:0, instance:testingbuild.test1@588df31b]" name="test" duration-ms="0" started-at="2022-04-04T22:43:55 IST" finished-at="2022-04-04T22:43:55 IST">
          <reporter-output>
          </reporter-output>
        </test-method> <!-- test -->
      </class> <!-- testingbuild.test1 -->
      <class name="testCase_UpcomingBikesDetails.alertMeLaunchTest">
        <test-method status="PASS" signature="invokeBrowser()[pri:0, instance:testCase_UpcomingBikesDetails.alertMeLaunchTest@de3a06f]" name="invokeBrowser" is-config="true" duration-ms="7117" started-at="2022-04-04T22:35:53 IST" finished-at="2022-04-04T22:36:00 IST">
          <reporter-output>
          </reporter-output>
        </test-method> <!-- invokeBrowser -->
        <test-method status="PASS" signature="alertMeTest()[pri:0, instance:testCase_UpcomingBikesDetails.alertMeLaunchTest@de3a06f]" name="alertMeTest" duration-ms="28786" started-at="2022-04-04T22:36:00 IST" finished-at="2022-04-04T22:36:28 IST">
          <reporter-output>
          </reporter-output>
        </test-method> <!-- alertMeTest -->
        <test-method status="PASS" signature="flushReports()[pri:0, instance:testCase_UpcomingBikesDetails.alertMeLaunchTest@de3a06f]" name="flushReports" is-config="true" duration-ms="1580" started-at="2022-04-04T22:36:28 IST" finished-at="2022-04-04T22:36:30 IST">
          <reporter-output>
          </reporter-output>
        </test-method> <!-- flushReports -->
      </class> <!-- testCase_UpcomingBikesDetails.alertMeLaunchTest -->
      <class name="testCase_loginSignupFunctionality.LoginWithGoogleInvalidPasswordTest">
        <test-method status="PASS" signature="invokeBrowser()[pri:0, instance:testCase_loginSignupFunctionality.LoginWithGoogleInvalidPasswordTest@6c9f5c0d]" name="invokeBrowser" is-config="true" duration-ms="6894" started-at="2022-04-04T22:34:52 IST" finished-at="2022-04-04T22:34:59 IST">
          <reporter-output>
          </reporter-output>
        </test-method> <!-- invokeBrowser -->
        <test-method status="PASS" signature="GoogleInvalidPasswordTest(java.util.Hashtable)[pri:0, instance:testCase_loginSignupFunctionality.LoginWithGoogleInvalidPasswordTest@6c9f5c0d]" name="GoogleInvalidPasswordTest" duration-ms="51652" started-at="2022-04-04T22:34:59 IST" data-provider="getGoogleInvalidPasswordLoginTestData" finished-at="2022-04-04T22:35:51 IST">
          <params>
            <param index="0">
              <value>
                <![CDATA[{Password=abcd123, Comment=Invalid Password, Email=1802652.it.cec@cgc.edu.in}]]>
              </value>
            </param>
          </params>
          <reporter-output>
          </reporter-output>
        </test-method> <!-- GoogleInvalidPasswordTest -->
        <test-method status="PASS" signature="flushReports()[pri:0, instance:testCase_loginSignupFunctionality.LoginWithGoogleInvalidPasswordTest@6c9f5c0d]" name="flushReports" is-config="true" duration-ms="1826" started-at="2022-04-04T22:35:51 IST" finished-at="2022-04-04T22:35:53 IST">
          <reporter-output>
          </reporter-output>
        </test-method> <!-- flushReports -->
      </class> <!-- testCase_loginSignupFunctionality.LoginWithGoogleInvalidPasswordTest -->
      <class name="testCase_ManufacturerFunctionality.manufacturerDropdownVisibleTest">
        <test-method status="PASS" signature="invokeBrowser()[pri:0, instance:testCase_ManufacturerFunctionality.manufacturerDropdownVisibleTest@3d8314f0]" name="invokeBrowser" is-config="true" duration-ms="3802" started-at="2022-04-04T22:37:24 IST" finished-at="2022-04-04T22:37:28 IST">
          <reporter-output>
          </reporter-output>
        </test-method> <!-- invokeBrowser -->
        <test-method status="PASS" signature="manufacturerVisbleTest()[pri:0, instance:testCase_ManufacturerFunctionality.manufacturerDropdownVisibleTest@3d8314f0]" name="manufacturerVisbleTest" duration-ms="15384" started-at="2022-04-04T22:37:28 IST" finished-at="2022-04-04T22:37:43 IST">
          <reporter-output>
          </reporter-output>
        </test-method> <!-- manufacturerVisbleTest -->
        <test-method status="PASS" signature="flushReports()[pri:0, instance:testCase_ManufacturerFunctionality.manufacturerDropdownVisibleTest@3d8314f0]" name="flushReports" is-config="true" duration-ms="1636" started-at="2022-04-04T22:37:43 IST" finished-at="2022-04-04T22:37:45 IST">
          <reporter-output>
          </reporter-output>
        </test-method> <!-- flushReports -->
      </class> <!-- testCase_ManufacturerFunctionality.manufacturerDropdownVisibleTest -->
      <class name="testCase_loginSignupFunctionality.LoginWithGoogleInvalidEmailTest">
        <test-method status="PASS" signature="invokeBrowser()[pri:0, instance:testCase_loginSignupFunctionality.LoginWithGoogleInvalidEmailTest@1188e820]" name="invokeBrowser" is-config="true" duration-ms="4136" started-at="2022-04-04T22:41:23 IST" finished-at="2022-04-04T22:41:27 IST">
          <reporter-output>
          </reporter-output>
        </test-method> <!-- invokeBrowser -->
        <test-method status="PASS" signature="GoogleInvalidEmailLoginTest(java.util.Hashtable)[pri:0, instance:testCase_loginSignupFunctionality.LoginWithGoogleInvalidEmailTest@1188e820]" name="GoogleInvalidEmailLoginTest" duration-ms="21669" started-at="2022-04-04T22:41:27 IST" data-provider="getGoogleInvalidEmailLoginTestData" finished-at="2022-04-04T22:41:49 IST">
          <params>
            <param index="0">
              <value>
                <![CDATA[{Password=abcd123, Comment=Invalid Email, Email=abcgmail.com}]]>
              </value>
            </param>
          </params>
          <reporter-output>
          </reporter-output>
        </test-method> <!-- GoogleInvalidEmailLoginTest -->
        <test-method status="PASS" signature="flushReports()[pri:0, instance:testCase_loginSignupFunctionality.LoginWithGoogleInvalidEmailTest@1188e820]" name="flushReports" is-config="true" duration-ms="1511" started-at="2022-04-04T22:41:49 IST" finished-at="2022-04-04T22:41:50 IST">
          <reporter-output>
          </reporter-output>
        </test-method> <!-- flushReports -->
      </class> <!-- testCase_loginSignupFunctionality.LoginWithGoogleInvalidEmailTest -->
      <class name="testCase_loginSignupFunctionality.loginSignupClickTest">
        <test-method status="PASS" signature="invokeBrowser()[pri:0, instance:testCase_loginSignupFunctionality.loginSignupClickTest@f4168b8]" name="invokeBrowser" is-config="true" duration-ms="3198" started-at="2022-04-04T22:38:51 IST" finished-at="2022-04-04T22:38:54 IST">
          <reporter-output>
          </reporter-output>
        </test-method> <!-- invokeBrowser -->
        <test-method status="PASS" signature="loginSignUpClickTest()[pri:0, instance:testCase_loginSignupFunctionality.loginSignupClickTest@f4168b8]" name="loginSignUpClickTest" duration-ms="12944" started-at="2022-04-04T22:38:54 IST" finished-at="2022-04-04T22:39:07 IST">
          <reporter-output>
          </reporter-output>
        </test-method> <!-- loginSignUpClickTest -->
        <test-method status="PASS" signature="flushReports()[pri:0, instance:testCase_loginSignupFunctionality.loginSignupClickTest@f4168b8]" name="flushReports" is-config="true" duration-ms="1599" started-at="2022-04-04T22:39:07 IST" finished-at="2022-04-04T22:39:09 IST">
          <reporter-output>
          </reporter-output>
        </test-method> <!-- flushReports -->
      </class> <!-- testCase_loginSignupFunctionality.loginSignupClickTest -->
      <class name="testCase_loginSignupFunctionality.loginSignupDisplayedTest">
        <test-method status="PASS" signature="invokeBrowser()[pri:0, instance:testCase_loginSignupFunctionality.loginSignupDisplayedTest@3bd94634]" name="invokeBrowser" is-config="true" duration-ms="3726" started-at="2022-04-04T22:39:09 IST" finished-at="2022-04-04T22:39:13 IST">
          <reporter-output>
          </reporter-output>
        </test-method> <!-- invokeBrowser -->
        <test-method status="PASS" signature="logSignVisibilityTest()[pri:0, instance:testCase_loginSignupFunctionality.loginSignupDisplayedTest@3bd94634]" name="logSignVisibilityTest" duration-ms="10590" started-at="2022-04-04T22:39:13 IST" finished-at="2022-04-04T22:39:23 IST">
          <reporter-output>
          </reporter-output>
        </test-method> <!-- logSignVisibilityTest -->
        <test-method status="PASS" signature="flushReports()[pri:0, instance:testCase_loginSignupFunctionality.loginSignupDisplayedTest@3bd94634]" name="flushReports" is-config="true" duration-ms="1519" started-at="2022-04-04T22:39:23 IST" finished-at="2022-04-04T22:39:25 IST">
          <reporter-output>
          </reporter-output>
        </test-method> <!-- flushReports -->
      </class> <!-- testCase_loginSignupFunctionality.loginSignupDisplayedTest -->
      <class name="testCase_UsedCarsFunctionality.usedCarsChennaiVisibilityTest">
        <test-method status="PASS" signature="invokeBrowser()[pri:0, instance:testCase_UsedCarsFunctionality.usedCarsChennaiVisibilityTest@58a90037]" name="invokeBrowser" is-config="true" duration-ms="3481" started-at="2022-04-04T22:39:25 IST" finished-at="2022-04-04T22:39:28 IST">
          <reporter-output>
          </reporter-output>
        </test-method> <!-- invokeBrowser -->
        <test-method status="PASS" signature="usedCarsChennaiVisibleTest()[pri:0, instance:testCase_UsedCarsFunctionality.usedCarsChennaiVisibilityTest@58a90037]" name="usedCarsChennaiVisibleTest" duration-ms="11873" started-at="2022-04-04T22:39:28 IST" finished-at="2022-04-04T22:39:40 IST">
          <reporter-output>
          </reporter-output>
        </test-method> <!-- usedCarsChennaiVisibleTest -->
        <test-method status="PASS" signature="flushReports()[pri:0, instance:testCase_UsedCarsFunctionality.usedCarsChennaiVisibilityTest@58a90037]" name="flushReports" is-config="true" duration-ms="1607" started-at="2022-04-04T22:39:40 IST" finished-at="2022-04-04T22:39:42 IST">
          <reporter-output>
          </reporter-output>
        </test-method> <!-- flushReports -->
      </class> <!-- testCase_UsedCarsFunctionality.usedCarsChennaiVisibilityTest -->
      <class name="testCase_ManufacturerFunctionality.viewHondaBikesTest">
        <test-method status="PASS" signature="invokeBrowser()[pri:0, instance:testCase_ManufacturerFunctionality.viewHondaBikesTest@61ca2dfa]" name="invokeBrowser" is-config="true" duration-ms="14792" started-at="2022-04-04T22:33:08 IST" finished-at="2022-04-04T22:33:22 IST">
          <reporter-output>
          </reporter-output>
        </test-method> <!-- invokeBrowser -->
        <test-method status="PASS" signature="bikeHondaVisbleTest()[pri:0, instance:testCase_ManufacturerFunctionality.viewHondaBikesTest@61ca2dfa]" name="bikeHondaVisbleTest" duration-ms="63516" started-at="2022-04-04T22:33:22 IST" finished-at="2022-04-04T22:34:26 IST">
          <reporter-output>
          </reporter-output>
        </test-method> <!-- bikeHondaVisbleTest -->
        <test-method status="PASS" signature="flushReports()[pri:0, instance:testCase_ManufacturerFunctionality.viewHondaBikesTest@61ca2dfa]" name="flushReports" is-config="true" duration-ms="5365" started-at="2022-04-04T22:34:26 IST" finished-at="2022-04-04T22:34:31 IST">
          <reporter-output>
          </reporter-output>
        </test-method> <!-- flushReports -->
      </class> <!-- testCase_ManufacturerFunctionality.viewHondaBikesTest -->
      <class name="testCase_UsedCarsFunctionality.usedCarsPopularModelsTest">
        <test-method status="PASS" signature="invokeBrowser()[pri:0, instance:testCase_UsedCarsFunctionality.usedCarsPopularModelsTest@70a9f84e]" name="invokeBrowser" is-config="true" duration-ms="4531" started-at="2022-04-04T22:40:09 IST" finished-at="2022-04-04T22:40:14 IST">
          <reporter-output>
          </reporter-output>
        </test-method> <!-- invokeBrowser -->
        <test-method status="PASS" signature="usedCarsPopularModelTest()[pri:0, instance:testCase_UsedCarsFunctionality.usedCarsPopularModelsTest@70a9f84e]" name="usedCarsPopularModelTest" duration-ms="26449" started-at="2022-04-04T22:40:14 IST" finished-at="2022-04-04T22:40:40 IST">
          <reporter-output>
          </reporter-output>
        </test-method> <!-- usedCarsPopularModelTest -->
        <test-method status="PASS" signature="flushReports()[pri:0, instance:testCase_UsedCarsFunctionality.usedCarsPopularModelsTest@70a9f84e]" name="flushReports" is-config="true" duration-ms="1419" started-at="2022-04-04T22:40:40 IST" finished-at="2022-04-04T22:40:42 IST">
          <reporter-output>
          </reporter-output>
        </test-method> <!-- flushReports -->
      </class> <!-- testCase_UsedCarsFunctionality.usedCarsPopularModelsTest -->
      <class name="testCase_UpcomingBikesDetails.nameUpcomingBikesTest">
        <test-method status="PASS" signature="invokeBrowser()[pri:0, instance:testCase_UpcomingBikesDetails.nameUpcomingBikesTest@74294adb]" name="invokeBrowser" is-config="true" duration-ms="3505" started-at="2022-04-04T22:39:42 IST" finished-at="2022-04-04T22:39:45 IST">
          <reporter-output>
          </reporter-output>
        </test-method> <!-- invokeBrowser -->
        <test-method status="PASS" signature="nameHondaBikesVisbleTest()[pri:0, instance:testCase_UpcomingBikesDetails.nameUpcomingBikesTest@74294adb]" name="nameHondaBikesVisbleTest" duration-ms="22687" started-at="2022-04-04T22:39:45 IST" finished-at="2022-04-04T22:40:08 IST">
          <reporter-output>
          </reporter-output>
        </test-method> <!-- nameHondaBikesVisbleTest -->
        <test-method status="PASS" signature="flushReports()[pri:0, instance:testCase_UpcomingBikesDetails.nameUpcomingBikesTest@74294adb]" name="flushReports" is-config="true" duration-ms="1492" started-at="2022-04-04T22:40:08 IST" finished-at="2022-04-04T22:40:09 IST">
          <reporter-output>
          </reporter-output>
        </test-method> <!-- flushReports -->
      </class> <!-- testCase_UpcomingBikesDetails.nameUpcomingBikesTest -->
    </test> <!-- Test -->
  </suite> <!-- Suite -->
</testng-results>
