<?xml version="1.0" encoding="UTF-8"?>
<!-- Generated by org.testng.reporters.JUnitXMLReporter -->
<testsuite ignored="0" hostname="Isha58" failures="0" tests="4" name="Default test" time="190.438" errors="0" timestamp="2022-04-04T10:49:51 IST">
  <testcase classname="testCase_UpcomingBikesDetails.alertMeLaunchTest" name="alertMeTest" time="43.495"/>
  <testcase classname="testCase_UpcomingBikesDetails.priceUpcomingBikesTest" name="priceHondaBikesVisbleTest" time="39.467"/>
  <testcase classname="testCase_UpcomingBikesDetails.launchDateUpcomingBikesTest" name="launchDateHondaBikesVisbleTest" time="33.403"/>
  <testcase classname="testCase_UpcomingBikesDetails.nameUpcomingBikesTest" name="nameHondaBikesVisbleTest" time="43.78"/>
</testsuite> <!-- Default test -->
