<?xml version="1.0" encoding="UTF-8"?>
<testng-results ignored="0" total="4" passed="4" failed="0" skipped="0">
  <reporter-output>
  </reporter-output>
  <suite started-at="2022-04-07T10:02:37 IST" name="Suite" finished-at="2022-04-07T10:06:22 IST" duration-ms="225291">
    <groups>
    </groups>
    <test started-at="2022-04-07T10:02:37 IST" name="Test" finished-at="2022-04-07T10:06:22 IST" duration-ms="225291">
      <class name="testCase_loginSignupFunctionality.LoginWithGoogleInvalidPasswordTest">
        <test-method is-config="true" signature="invokeBrowser()[pri:0, instance:testCase_loginSignupFunctionality.LoginWithGoogleInvalidPasswordTest@55740540]" started-at="2022-04-07T10:05:45 IST" name="invokeBrowser" finished-at="2022-04-07T10:05:49 IST" duration-ms="4172" status="PASS">
          <reporter-output>
          </reporter-output>
        </test-method> <!-- invokeBrowser -->
        <test-method signature="GoogleInvalidPasswordTest(java.util.Hashtable)[pri:0, instance:testCase_loginSignupFunctionality.LoginWithGoogleInvalidPasswordTest@55740540]" started-at="2022-04-07T10:05:49 IST" name="GoogleInvalidPasswordTest" data-provider="getGoogleInvalidPasswordLoginTestData" finished-at="2022-04-07T10:06:21 IST" duration-ms="32300" status="PASS">
          <params>
            <param index="0">
              <value>
                <![CDATA[{Password=abcd123, Comment=Invalid Password, Email=1802652.it.cec@cgc.edu.in}]]>
              </value>
            </param>
          </params>
          <reporter-output>
          </reporter-output>
        </test-method> <!-- GoogleInvalidPasswordTest -->
        <test-method is-config="true" signature="flushReports()[pri:0, instance:testCase_loginSignupFunctionality.LoginWithGoogleInvalidPasswordTest@55740540]" started-at="2022-04-07T10:06:21 IST" name="flushReports" finished-at="2022-04-07T10:06:22 IST" duration-ms="918" status="PASS">
          <reporter-output>
          </reporter-output>
        </test-method> <!-- flushReports -->
      </class> <!-- testCase_loginSignupFunctionality.LoginWithGoogleInvalidPasswordTest -->
      <class name="testCase_NewBikesFunctionality.upcomingBikesUnder4LakhTest">
        <test-method is-config="true" signature="invokeBrowser()[pri:0, instance:testCase_NewBikesFunctionality.upcomingBikesUnder4LakhTest@4c309d4d]" started-at="2022-04-07T10:02:37 IST" name="invokeBrowser" finished-at="2022-04-07T10:02:45 IST" duration-ms="8626" status="PASS">
          <reporter-output>
          </reporter-output>
        </test-method> <!-- invokeBrowser -->
        <test-method signature="upcomingBikesTest()[pri:0, instance:testCase_NewBikesFunctionality.upcomingBikesUnder4LakhTest@4c309d4d]" started-at="2022-04-07T10:02:45 IST" name="upcomingBikesTest" finished-at="2022-04-07T10:04:13 IST" duration-ms="87837" status="PASS">
          <reporter-output>
          </reporter-output>
        </test-method> <!-- upcomingBikesTest -->
        <test-method is-config="true" signature="flushReports()[pri:0, instance:testCase_NewBikesFunctionality.upcomingBikesUnder4LakhTest@4c309d4d]" started-at="2022-04-07T10:04:13 IST" name="flushReports" finished-at="2022-04-07T10:04:17 IST" duration-ms="3586" status="PASS">
          <reporter-output>
          </reporter-output>
        </test-method> <!-- flushReports -->
      </class> <!-- testCase_NewBikesFunctionality.upcomingBikesUnder4LakhTest -->
      <class name="testCase_loginSignupFunctionality.LoginWithGoogleInvalidEmailTest">
        <test-method is-config="true" signature="invokeBrowser()[pri:0, instance:testCase_loginSignupFunctionality.LoginWithGoogleInvalidEmailTest@37f1104d]" started-at="2022-04-07T10:05:09 IST" name="invokeBrowser" finished-at="2022-04-07T10:05:13 IST" duration-ms="4207" status="PASS">
          <reporter-output>
          </reporter-output>
        </test-method> <!-- invokeBrowser -->
        <test-method signature="GoogleInvalidEmailLoginTest(java.util.Hashtable)[pri:0, instance:testCase_loginSignupFunctionality.LoginWithGoogleInvalidEmailTest@37f1104d]" started-at="2022-04-07T10:05:13 IST" name="GoogleInvalidEmailLoginTest" data-provider="getGoogleInvalidEmailLoginTestData" finished-at="2022-04-07T10:05:44 IST" duration-ms="30061" status="PASS">
          <params>
            <param index="0">
              <value>
                <![CDATA[{Password=abcd123, Comment=Invalid Email, Email=abcgmail.com}]]>
              </value>
            </param>
          </params>
          <reporter-output>
          </reporter-output>
        </test-method> <!-- GoogleInvalidEmailLoginTest -->
        <test-method is-config="true" signature="flushReports()[pri:0, instance:testCase_loginSignupFunctionality.LoginWithGoogleInvalidEmailTest@37f1104d]" started-at="2022-04-07T10:05:44 IST" name="flushReports" finished-at="2022-04-07T10:05:45 IST" duration-ms="946" status="PASS">
          <reporter-output>
          </reporter-output>
        </test-method> <!-- flushReports -->
      </class> <!-- testCase_loginSignupFunctionality.LoginWithGoogleInvalidEmailTest -->
      <class name="testCase_UsedCarsFunctionality.usedCarsPopularModelsTest">
        <test-method is-config="true" signature="invokeBrowser()[pri:0, instance:testCase_UsedCarsFunctionality.usedCarsPopularModelsTest@740773a3]" started-at="2022-04-07T10:04:17 IST" name="invokeBrowser" finished-at="2022-04-07T10:04:22 IST" duration-ms="5178" status="PASS">
          <reporter-output>
          </reporter-output>
        </test-method> <!-- invokeBrowser -->
        <test-method signature="usedCarsPopularModelTest()[pri:0, instance:testCase_UsedCarsFunctionality.usedCarsPopularModelsTest@740773a3]" started-at="2022-04-07T10:04:22 IST" name="usedCarsPopularModelTest" finished-at="2022-04-07T10:05:08 IST" duration-ms="45479" status="PASS">
          <reporter-output>
          </reporter-output>
        </test-method> <!-- usedCarsPopularModelTest -->
        <test-method is-config="true" signature="flushReports()[pri:0, instance:testCase_UsedCarsFunctionality.usedCarsPopularModelsTest@740773a3]" started-at="2022-04-07T10:05:08 IST" name="flushReports" finished-at="2022-04-07T10:05:09 IST" duration-ms="955" status="PASS">
          <reporter-output>
          </reporter-output>
        </test-method> <!-- flushReports -->
      </class> <!-- testCase_UsedCarsFunctionality.usedCarsPopularModelsTest -->
    </test> <!-- Test -->
  </suite> <!-- Suite -->
</testng-results>
