<?xml version="1.0" encoding="UTF-8"?>
<testng-results ignored="0" total="1" passed="1" failed="0" skipped="0">
  <reporter-output>
  </reporter-output>
  <suite started-at="2022-04-04T13:43:24 IST" name="Suite" finished-at="2022-04-04T13:43:24 IST" duration-ms="136">
    <groups>
    </groups>
    <test started-at="2022-04-04T13:43:24 IST" name="Test" finished-at="2022-04-04T13:43:24 IST" duration-ms="136">
      <class name="testingbuild.test1">
        <test-method signature="test()[pri:0, instance:testingbuild.test1@1d119efb]" started-at="2022-04-04T13:43:24 IST" name="test" finished-at="2022-04-04T13:43:24 IST" duration-ms="18" status="PASS">
          <reporter-output>
          </reporter-output>
        </test-method> <!-- test -->
      </class> <!-- testingbuild.test1 -->
    </test> <!-- Test -->
  </suite> <!-- Suite -->
</testng-results>
